1682623465.796673 client started (90960): version 3.3a, socket /tmp/tmux-1000/default, protocol 8
1682623465.796701 on Linux 6.2.12-arch1-1 #1 SMP PREEMPT_DYNAMIC Thu, 20 Apr 2023 16:11:55 +0000
1682623465.796706 using libevent 2.1.12-stable (poll); ncurses 6.4
1682623465.796728 flags are 0x10010000
1682623465.796732 socket is /tmp/tmux-1000/default
1682623465.796743 trying connect
1682623465.796812 add peer 0x55d4c8f66cc0: 6 ((nil))
1682623465.797139 sending message 100 to peer 0x55d4c8f66cc0 (4 bytes)
1682623465.797147 sending message 111 to peer 0x55d4c8f66cc0 (8 bytes)
1682623465.797151 sending message 101 to peer 0x55d4c8f66cc0 (14 bytes)
1682623465.797155 sending message 109 to peer 0x55d4c8f66cc0 (4 bytes)
1682623465.797159 sending message 102 to peer 0x55d4c8f66cc0 (11 bytes)
1682623465.797162 sending message 108 to peer 0x55d4c8f66cc0 (26 bytes)
1682623465.797166 sending message 112 to peer 0x55d4c8f66cc0 (70 bytes)
1682623465.797172 sending message 112 to peer 0x55d4c8f66cc0 (5 bytes)
1682623465.797176 sending message 112 to peer 0x55d4c8f66cc0 (5 bytes)
1682623465.797179 sending message 112 to peer 0x55d4c8f66cc0 (6 bytes)
1682623465.797183 sending message 112 to peer 0x55d4c8f66cc0 (6 bytes)
1682623465.797186 sending message 112 to peer 0x55d4c8f66cc0 (11 bytes)
1682623465.797190 sending message 112 to peer 0x55d4c8f66cc0 (10 bytes)
1682623465.797193 sending message 112 to peer 0x55d4c8f66cc0 (13 bytes)
1682623465.797197 sending message 112 to peer 0x55d4c8f66cc0 (13 bytes)
1682623465.797200 sending message 112 to peer 0x55d4c8f66cc0 (18 bytes)
1682623465.797204 sending message 112 to peer 0x55d4c8f66cc0 (11 bytes)
1682623465.797208 sending message 112 to peer 0x55d4c8f66cc0 (10 bytes)
1682623465.797211 sending message 112 to peer 0x55d4c8f66cc0 (15 bytes)
1682623465.797214 sending message 112 to peer 0x55d4c8f66cc0 (21 bytes)
1682623465.797218 sending message 112 to peer 0x55d4c8f66cc0 (13 bytes)
1682623465.797221 sending message 112 to peer 0x55d4c8f66cc0 (7 bytes)
1682623465.797225 sending message 112 to peer 0x55d4c8f66cc0 (13 bytes)
1682623465.797228 sending message 112 to peer 0x55d4c8f66cc0 (7 bytes)
1682623465.797232 sending message 112 to peer 0x55d4c8f66cc0 (13 bytes)
1682623465.797235 sending message 112 to peer 0x55d4c8f66cc0 (9 bytes)
1682623465.797239 sending message 112 to peer 0x55d4c8f66cc0 (21 bytes)
1682623465.797242 sending message 112 to peer 0x55d4c8f66cc0 (13 bytes)
1682623465.797246 sending message 112 to peer 0x55d4c8f66cc0 (8 bytes)
1682623465.797249 sending message 112 to peer 0x55d4c8f66cc0 (12 bytes)
1682623465.797253 sending message 112 to peer 0x55d4c8f66cc0 (13 bytes)
1682623465.797256 sending message 112 to peer 0x55d4c8f66cc0 (9 bytes)
1682623465.797259 sending message 112 to peer 0x55d4c8f66cc0 (9 bytes)
1682623465.797263 sending message 112 to peer 0x55d4c8f66cc0 (12 bytes)
1682623465.797266 sending message 112 to peer 0x55d4c8f66cc0 (8 bytes)
1682623465.797270 sending message 112 to peer 0x55d4c8f66cc0 (8 bytes)
1682623465.797273 sending message 112 to peer 0x55d4c8f66cc0 (7 bytes)
1682623465.797277 sending message 112 to peer 0x55d4c8f66cc0 (7 bytes)
1682623465.797280 sending message 112 to peer 0x55d4c8f66cc0 (9 bytes)
1682623465.797283 sending message 112 to peer 0x55d4c8f66cc0 (13 bytes)
1682623465.797287 sending message 112 to peer 0x55d4c8f66cc0 (6 bytes)
1682623465.797290 sending message 112 to peer 0x55d4c8f66cc0 (9 bytes)
1682623465.797294 sending message 112 to peer 0x55d4c8f66cc0 (15 bytes)
1682623465.797297 sending message 112 to peer 0x55d4c8f66cc0 (13 bytes)
1682623465.797301 sending message 112 to peer 0x55d4c8f66cc0 (12 bytes)
1682623465.797304 sending message 112 to peer 0x55d4c8f66cc0 (8 bytes)
1682623465.797308 sending message 112 to peer 0x55d4c8f66cc0 (14 bytes)
1682623465.797311 sending message 112 to peer 0x55d4c8f66cc0 (11 bytes)
1682623465.797315 sending message 112 to peer 0x55d4c8f66cc0 (9 bytes)
1682623465.797318 sending message 112 to peer 0x55d4c8f66cc0 (10 bytes)
1682623465.797322 sending message 112 to peer 0x55d4c8f66cc0 (10 bytes)
1682623465.797325 sending message 112 to peer 0x55d4c8f66cc0 (10 bytes)
1682623465.797335 sending message 112 to peer 0x55d4c8f66cc0 (10 bytes)
1682623465.797339 sending message 112 to peer 0x55d4c8f66cc0 (11 bytes)
1682623465.797343 sending message 112 to peer 0x55d4c8f66cc0 (12 bytes)
1682623465.797346 sending message 112 to peer 0x55d4c8f66cc0 (12 bytes)
1682623465.797350 sending message 112 to peer 0x55d4c8f66cc0 (12 bytes)
1682623465.797353 sending message 112 to peer 0x55d4c8f66cc0 (12 bytes)
1682623465.797357 sending message 112 to peer 0x55d4c8f66cc0 (12 bytes)
1682623465.797360 sending message 112 to peer 0x55d4c8f66cc0 (11 bytes)
1682623465.797363 sending message 112 to peer 0x55d4c8f66cc0 (11 bytes)
1682623465.797367 sending message 112 to peer 0x55d4c8f66cc0 (12 bytes)
1682623465.797371 sending message 112 to peer 0x55d4c8f66cc0 (12 bytes)
1682623465.797374 sending message 112 to peer 0x55d4c8f66cc0 (12 bytes)
1682623465.797377 sending message 112 to peer 0x55d4c8f66cc0 (12 bytes)
1682623465.797381 sending message 112 to peer 0x55d4c8f66cc0 (12 bytes)
1682623465.797384 sending message 112 to peer 0x55d4c8f66cc0 (10 bytes)
1682623465.797388 sending message 112 to peer 0x55d4c8f66cc0 (12 bytes)
1682623465.797391 sending message 112 to peer 0x55d4c8f66cc0 (13 bytes)
1682623465.797395 sending message 112 to peer 0x55d4c8f66cc0 (13 bytes)
1682623465.797398 sending message 112 to peer 0x55d4c8f66cc0 (13 bytes)
1682623465.797402 sending message 112 to peer 0x55d4c8f66cc0 (13 bytes)
1682623465.797405 sending message 112 to peer 0x55d4c8f66cc0 (13 bytes)
1682623465.797409 sending message 112 to peer 0x55d4c8f66cc0 (8 bytes)
1682623465.797412 sending message 112 to peer 0x55d4c8f66cc0 (11 bytes)
1682623465.797416 sending message 112 to peer 0x55d4c8f66cc0 (11 bytes)
1682623465.797419 sending message 112 to peer 0x55d4c8f66cc0 (11 bytes)
1682623465.797423 sending message 112 to peer 0x55d4c8f66cc0 (12 bytes)
1682623465.797426 sending message 112 to peer 0x55d4c8f66cc0 (12 bytes)
1682623465.797430 sending message 112 to peer 0x55d4c8f66cc0 (12 bytes)
1682623465.797433 sending message 112 to peer 0x55d4c8f66cc0 (12 bytes)
1682623465.797437 sending message 112 to peer 0x55d4c8f66cc0 (13 bytes)
1682623465.797440 sending message 112 to peer 0x55d4c8f66cc0 (13 bytes)
1682623465.797444 sending message 112 to peer 0x55d4c8f66cc0 (13 bytes)
1682623465.797447 sending message 112 to peer 0x55d4c8f66cc0 (8 bytes)
1682623465.797451 sending message 112 to peer 0x55d4c8f66cc0 (13 bytes)
1682623465.797454 sending message 112 to peer 0x55d4c8f66cc0 (13 bytes)
1682623465.797458 sending message 112 to peer 0x55d4c8f66cc0 (13 bytes)
1682623465.797462 sending message 112 to peer 0x55d4c8f66cc0 (13 bytes)
1682623465.797465 sending message 112 to peer 0x55d4c8f66cc0 (13 bytes)
1682623465.797469 sending message 112 to peer 0x55d4c8f66cc0 (12 bytes)
1682623465.797472 sending message 112 to peer 0x55d4c8f66cc0 (12 bytes)
1682623465.797476 sending message 112 to peer 0x55d4c8f66cc0 (12 bytes)
1682623465.797479 sending message 112 to peer 0x55d4c8f66cc0 (12 bytes)
1682623465.797483 sending message 112 to peer 0x55d4c8f66cc0 (13 bytes)
1682623465.797486 sending message 112 to peer 0x55d4c8f66cc0 (8 bytes)
1682623465.797490 sending message 112 to peer 0x55d4c8f66cc0 (13 bytes)
1682623465.797493 sending message 112 to peer 0x55d4c8f66cc0 (13 bytes)
1682623465.797497 sending message 112 to peer 0x55d4c8f66cc0 (13 bytes)
1682623465.797501 sending message 112 to peer 0x55d4c8f66cc0 (13 bytes)
1682623465.797504 sending message 112 to peer 0x55d4c8f66cc0 (13 bytes)
1682623465.797508 sending message 112 to peer 0x55d4c8f66cc0 (13 bytes)
1682623465.797511 sending message 112 to peer 0x55d4c8f66cc0 (13 bytes)
1682623465.797514 sending message 112 to peer 0x55d4c8f66cc0 (12 bytes)
1682623465.797518 sending message 112 to peer 0x55d4c8f66cc0 (12 bytes)
1682623465.797521 sending message 112 to peer 0x55d4c8f66cc0 (12 bytes)
1682623465.797525 sending message 112 to peer 0x55d4c8f66cc0 (8 bytes)
1682623465.797528 sending message 112 to peer 0x55d4c8f66cc0 (12 bytes)
1682623465.797532 sending message 112 to peer 0x55d4c8f66cc0 (13 bytes)
1682623465.797539 sending message 112 to peer 0x55d4c8f66cc0 (13 bytes)
1682623465.797542 sending message 112 to peer 0x55d4c8f66cc0 (13 bytes)
1682623465.797546 sending message 112 to peer 0x55d4c8f66cc0 (13 bytes)
1682623465.797549 sending message 112 to peer 0x55d4c8f66cc0 (13 bytes)
1682623465.797553 sending message 112 to peer 0x55d4c8f66cc0 (13 bytes)
1682623465.797557 sending message 112 to peer 0x55d4c8f66cc0 (13 bytes)
1682623465.797560 sending message 112 to peer 0x55d4c8f66cc0 (13 bytes)
1682623465.797564 sending message 112 to peer 0x55d4c8f66cc0 (12 bytes)
1682623465.797567 sending message 112 to peer 0x55d4c8f66cc0 (10 bytes)
1682623465.797571 sending message 112 to peer 0x55d4c8f66cc0 (12 bytes)
1682623465.797574 sending message 112 to peer 0x55d4c8f66cc0 (12 bytes)
1682623465.797578 sending message 112 to peer 0x55d4c8f66cc0 (12 bytes)
1682623465.797581 sending message 112 to peer 0x55d4c8f66cc0 (13 bytes)
1682623465.797585 sending message 112 to peer 0x55d4c8f66cc0 (13 bytes)
1682623465.797588 sending message 112 to peer 0x55d4c8f66cc0 (13 bytes)
1682623465.797592 sending message 112 to peer 0x55d4c8f66cc0 (13 bytes)
1682623465.797595 sending message 112 to peer 0x55d4c8f66cc0 (13 bytes)
1682623465.797599 sending message 112 to peer 0x55d4c8f66cc0 (13 bytes)
1682623465.797602 sending message 112 to peer 0x55d4c8f66cc0 (13 bytes)
1682623465.797606 sending message 112 to peer 0x55d4c8f66cc0 (10 bytes)
1682623465.797609 sending message 112 to peer 0x55d4c8f66cc0 (13 bytes)
1682623465.797612 sending message 112 to peer 0x55d4c8f66cc0 (12 bytes)
1682623465.797616 sending message 112 to peer 0x55d4c8f66cc0 (12 bytes)
1682623465.797619 sending message 112 to peer 0x55d4c8f66cc0 (12 bytes)
1682623465.797623 sending message 112 to peer 0x55d4c8f66cc0 (10 bytes)
1682623465.797626 sending message 112 to peer 0x55d4c8f66cc0 (10 bytes)
1682623465.797630 sending message 112 to peer 0x55d4c8f66cc0 (10 bytes)
1682623465.797633 sending message 112 to peer 0x55d4c8f66cc0 (12 bytes)
1682623465.797637 sending message 112 to peer 0x55d4c8f66cc0 (13 bytes)
1682623465.797640 sending message 112 to peer 0x55d4c8f66cc0 (13 bytes)
1682623465.797644 sending message 112 to peer 0x55d4c8f66cc0 (13 bytes)
1682623465.797647 sending message 112 to peer 0x55d4c8f66cc0 (13 bytes)
1682623465.797651 sending message 112 to peer 0x55d4c8f66cc0 (13 bytes)
1682623465.797654 sending message 112 to peer 0x55d4c8f66cc0 (11 bytes)
1682623465.797658 sending message 112 to peer 0x55d4c8f66cc0 (11 bytes)
1682623465.797661 sending message 112 to peer 0x55d4c8f66cc0 (12 bytes)
1682623465.797665 sending message 112 to peer 0x55d4c8f66cc0 (12 bytes)
1682623465.797668 sending message 112 to peer 0x55d4c8f66cc0 (12 bytes)
1682623465.797672 sending message 112 to peer 0x55d4c8f66cc0 (12 bytes)
1682623465.797675 sending message 112 to peer 0x55d4c8f66cc0 (12 bytes)
1682623465.797679 sending message 112 to peer 0x55d4c8f66cc0 (11 bytes)
1682623465.797682 sending message 112 to peer 0x55d4c8f66cc0 (12 bytes)
1682623465.797686 sending message 112 to peer 0x55d4c8f66cc0 (12 bytes)
1682623465.797689 sending message 112 to peer 0x55d4c8f66cc0 (13 bytes)
1682623465.797693 sending message 112 to peer 0x55d4c8f66cc0 (13 bytes)
1682623465.797696 sending message 112 to peer 0x55d4c8f66cc0 (13 bytes)
1682623465.797700 sending message 112 to peer 0x55d4c8f66cc0 (13 bytes)
1682623465.797703 sending message 112 to peer 0x55d4c8f66cc0 (13 bytes)
1682623465.797707 sending message 112 to peer 0x55d4c8f66cc0 (10 bytes)
1682623465.797710 sending message 112 to peer 0x55d4c8f66cc0 (9 bytes)
1682623465.797714 sending message 112 to peer 0x55d4c8f66cc0 (12 bytes)
1682623465.797717 sending message 112 to peer 0x55d4c8f66cc0 (13 bytes)
1682623465.797721 sending message 112 to peer 0x55d4c8f66cc0 (13 bytes)
1682623465.797724 sending message 112 to peer 0x55d4c8f66cc0 (13 bytes)
1682623465.797728 sending message 112 to peer 0x55d4c8f66cc0 (13 bytes)
1682623465.797731 sending message 112 to peer 0x55d4c8f66cc0 (13 bytes)
1682623465.797738 sending message 112 to peer 0x55d4c8f66cc0 (9 bytes)
1682623465.797741 sending message 112 to peer 0x55d4c8f66cc0 (12 bytes)
1682623465.797745 sending message 112 to peer 0x55d4c8f66cc0 (13 bytes)
1682623465.797748 sending message 112 to peer 0x55d4c8f66cc0 (13 bytes)
1682623465.797752 sending message 112 to peer 0x55d4c8f66cc0 (13 bytes)
1682623465.797755 sending message 112 to peer 0x55d4c8f66cc0 (13 bytes)
1682623465.797759 sending message 112 to peer 0x55d4c8f66cc0 (13 bytes)
1682623465.797762 sending message 112 to peer 0x55d4c8f66cc0 (11 bytes)
1682623465.797766 sending message 112 to peer 0x55d4c8f66cc0 (12 bytes)
1682623465.797769 sending message 112 to peer 0x55d4c8f66cc0 (13 bytes)
1682623465.797773 sending message 112 to peer 0x55d4c8f66cc0 (13 bytes)
1682623465.797776 sending message 112 to peer 0x55d4c8f66cc0 (13 bytes)
1682623465.797780 sending message 112 to peer 0x55d4c8f66cc0 (13 bytes)
1682623465.797783 sending message 112 to peer 0x55d4c8f66cc0 (13 bytes)
1682623465.797787 sending message 112 to peer 0x55d4c8f66cc0 (11 bytes)
1682623465.797790 sending message 112 to peer 0x55d4c8f66cc0 (12 bytes)
1682623465.797794 sending message 112 to peer 0x55d4c8f66cc0 (12 bytes)
1682623465.797797 sending message 112 to peer 0x55d4c8f66cc0 (12 bytes)
1682623465.797801 sending message 112 to peer 0x55d4c8f66cc0 (12 bytes)
1682623465.797804 sending message 112 to peer 0x55d4c8f66cc0 (12 bytes)
1682623465.797807 sending message 112 to peer 0x55d4c8f66cc0 (21 bytes)
1682623465.797811 sending message 112 to peer 0x55d4c8f66cc0 (12 bytes)
1682623465.797815 sending message 112 to peer 0x55d4c8f66cc0 (9 bytes)
1682623465.797818 sending message 112 to peer 0x55d4c8f66cc0 (6 bytes)
1682623465.797821 sending message 112 to peer 0x55d4c8f66cc0 (13 bytes)
1682623465.797825 sending message 112 to peer 0x55d4c8f66cc0 (8 bytes)
1682623465.797828 sending message 112 to peer 0x55d4c8f66cc0 (15 bytes)
1682623465.797832 sending message 112 to peer 0x55d4c8f66cc0 (13 bytes)
1682623465.797835 sending message 112 to peer 0x55d4c8f66cc0 (9 bytes)
1682623465.797839 sending message 112 to peer 0x55d4c8f66cc0 (70 bytes)
1682623465.797842 sending message 112 to peer 0x55d4c8f66cc0 (69 bytes)
1682623465.797846 sending message 112 to peer 0x55d4c8f66cc0 (10 bytes)
1682623465.797849 sending message 112 to peer 0x55d4c8f66cc0 (10 bytes)
1682623465.797853 sending message 112 to peer 0x55d4c8f66cc0 (8 bytes)
1682623465.797856 sending message 112 to peer 0x55d4c8f66cc0 (15 bytes)
1682623465.797860 sending message 112 to peer 0x55d4c8f66cc0 (13 bytes)
1682623465.797863 sending message 112 to peer 0x55d4c8f66cc0 (10 bytes)
1682623465.797867 sending message 112 to peer 0x55d4c8f66cc0 (10 bytes)
1682623465.797870 sending message 112 to peer 0x55d4c8f66cc0 (17 bytes)
1682623465.797874 sending message 112 to peer 0x55d4c8f66cc0 (10 bytes)
1682623465.797877 sending message 112 to peer 0x55d4c8f66cc0 (13 bytes)
1682623465.797881 sending message 112 to peer 0x55d4c8f66cc0 (9 bytes)
1682623465.797884 sending message 112 to peer 0x55d4c8f66cc0 (5 bytes)
1682623465.797888 sending message 112 to peer 0x55d4c8f66cc0 (15 bytes)
1682623465.797892 sending message 104 to peer 0x55d4c8f66cc0 (0 bytes)
1682623465.797897 sending message 110 to peer 0x55d4c8f66cc0 (0 bytes)
1682623465.797901 sending message 107 to peer 0x55d4c8f66cc0 (4 bytes)
1682623465.797905 sending message 105 to peer 0x55d4c8f66cc0 (30 bytes)
1682623465.797909 sending message 105 to peer 0x55d4c8f66cc0 (121 bytes)
1682623465.797912 sending message 105 to peer 0x55d4c8f66cc0 (28 bytes)
1682623465.797916 sending message 105 to peer 0x55d4c8f66cc0 (54 bytes)
1682623465.797919 sending message 105 to peer 0x55d4c8f66cc0 (11 bytes)
1682623465.797923 sending message 105 to peer 0x55d4c8f66cc0 (28 bytes)
1682623465.797926 sending message 105 to peer 0x55d4c8f66cc0 (11 bytes)
1682623465.797930 sending message 105 to peer 0x55d4c8f66cc0 (32 bytes)
1682623465.797933 sending message 105 to peer 0x55d4c8f66cc0 (18 bytes)
1682623465.797937 sending message 105 to peer 0x55d4c8f66cc0 (20 bytes)
1682623465.797943 sending message 105 to peer 0x55d4c8f66cc0 (47 bytes)
1682623465.797947 sending message 105 to peer 0x55d4c8f66cc0 (20 bytes)
1682623465.797950 sending message 105 to peer 0x55d4c8f66cc0 (21 bytes)
1682623465.797954 sending message 105 to peer 0x55d4c8f66cc0 (12 bytes)
1682623465.797957 sending message 105 to peer 0x55d4c8f66cc0 (539 bytes)
1682623465.797961 sending message 105 to peer 0x55d4c8f66cc0 (21 bytes)
1682623465.797965 sending message 105 to peer 0x55d4c8f66cc0 (48 bytes)
1682623465.797968 sending message 105 to peer 0x55d4c8f66cc0 (8 bytes)
1682623465.797972 sending message 105 to peer 0x55d4c8f66cc0 (13 bytes)
1682623465.797975 sending message 105 to peer 0x55d4c8f66cc0 (26 bytes)
1682623465.797979 sending message 105 to peer 0x55d4c8f66cc0 (60 bytes)
1682623465.797982 sending message 105 to peer 0x55d4c8f66cc0 (17 bytes)
1682623465.797986 sending message 105 to peer 0x55d4c8f66cc0 (13 bytes)
1682623465.797989 sending message 105 to peer 0x55d4c8f66cc0 (18 bytes)
1682623465.797993 sending message 105 to peer 0x55d4c8f66cc0 (61 bytes)
1682623465.797996 sending message 105 to peer 0x55d4c8f66cc0 (15 bytes)
1682623465.798000 sending message 105 to peer 0x55d4c8f66cc0 (40 bytes)
1682623465.798004 sending message 105 to peer 0x55d4c8f66cc0 (38 bytes)
1682623465.798007 sending message 105 to peer 0x55d4c8f66cc0 (60 bytes)
1682623465.798011 sending message 105 to peer 0x55d4c8f66cc0 (20 bytes)
1682623465.798014 sending message 105 to peer 0x55d4c8f66cc0 (17 bytes)
1682623465.798018 sending message 105 to peer 0x55d4c8f66cc0 (15 bytes)
1682623465.798021 sending message 105 to peer 0x55d4c8f66cc0 (17 bytes)
1682623465.798025 sending message 105 to peer 0x55d4c8f66cc0 (23 bytes)
1682623465.798029 sending message 105 to peer 0x55d4c8f66cc0 (31 bytes)
1682623465.798032 sending message 105 to peer 0x55d4c8f66cc0 (19 bytes)
1682623465.798035 sending message 105 to peer 0x55d4c8f66cc0 (15 bytes)
1682623465.798039 sending message 105 to peer 0x55d4c8f66cc0 (36 bytes)
1682623465.798043 sending message 105 to peer 0x55d4c8f66cc0 (36 bytes)
1682623465.798046 sending message 105 to peer 0x55d4c8f66cc0 (58 bytes)
1682623465.798050 sending message 105 to peer 0x55d4c8f66cc0 (15 bytes)
1682623465.798053 sending message 106 to peer 0x55d4c8f66cc0 (0 bytes)
1682623465.798101 sending message 200 to peer 0x55d4c8f66cc0 (4 bytes)
1682623465.798106 client loop enter
1682623465.800304 peer 0x55d4c8f66cc0 message 303
1682623465.800312 open write file 2 -
1682623465.800322 sending message 305 to peer 0x55d4c8f66cc0 (8 bytes)
1682623465.800331 write check file 2
1682623465.800487 peer 0x55d4c8f66cc0 message 304
1682623465.800517 write 58 to file 2
1682623465.800522 peer 0x55d4c8f66cc0 message 203
1682623465.800526 file 2 58 bytes left
1682623465.800539 write check file 2
1682623465.800543 client loop exit
